<?xml version="1.0" encoding="UTF-8"?>
<testsuite xmlns:xsi="http://www.w3.org/2001/XMLSchema-instance" xsi:noNamespaceSchemaLocation="https://maven.apache.org/surefire/maven-surefire-plugin/xsd/surefire-test-report.xsd" name="org.kie.kogito.RestQueryTest" time="11.539" tests="2" errors="0" skipped="0" failures="0">
  <properties>
[...]
</properties>
  <testcase name="testNotApproved" classname="org.kie.kogito.RestQueryTest" time="2.935"/>
  <testcase name="testApproved" classname="org.kie.kogito.RestQueryTest" time="0.049"/>
</testsuite>